
/home/runner/work/exp-shift-cipher-iiith/exp-shift-cipher-iiith/experiment/simulation/js/main.js
  17:3   warning  'ciphertext' is not defined  no-undef
  19:8   warning  'i' is not defined           no-undef
  19:15  warning  'i' is not defined           no-undef
  19:37  warning  'i' is not defined           no-undef
  20:34  warning  'i' is not defined           no-undef
  21:7   warning  'ciphertext' is not defined  no-undef
  22:32  warning  'i' is not defined           no-undef
  24:10  warning  'ciphertext' is not defined  no-undef
  24:41  warning  'i' is not defined           no-undef
  26:40  warning  'ciphertext' is not defined  no-undef
  31:3   warning  'ciphertext' is not defined  no-undef
  33:7   warning  'ciphertext' is not defined  no-undef
  38:3   warning  'plaintext' is not defined   no-undef
  40:8   warning  'i' is not defined           no-undef
  40:15  warning  'i' is not defined           no-undef
  40:19  warning  'ciphertext' is not defined  no-undef
  40:38  warning  'i' is not defined           no-undef
  41:17  warning  'ciphertext' is not defined  no-undef
  41:35  warning  'i' is not defined           no-undef
  42:7   warning  'plaintext' is not defined   no-undef
  43:11  warning  'ciphertext' is not defined  no-undef
  43:33  warning  'i' is not defined           no-undef
  45:10  warning  'plaintext' is not defined   no-undef
  45:23  warning  'ciphertext' is not defined  no-undef
  45:41  warning  'i' is not defined           no-undef
  47:41  warning  'plaintext' is not defined   no-undef

/home/runner/work/exp-shift-cipher-iiith/exp-shift-cipher-iiith/experiment/simulation/js/mobile-detection.js
  440:7   warning  'mobileDetection' is assigned a value but never used  no-unused-vars
  443:38  warning  'module' is not defined                               no-undef
  444:3   warning  'module' is not defined                               no-undef

✖ 29 problems (0 errors, 29 warnings)

